2026-01-29 09:34:53.418  INFO 14972 --- [restartedMain] c.p.ParkingManageApplication             : Starting ParkingManageApplication using Java 1.8.0_202 on LAPTOP-MJMJLK4P with PID 14972 (D:\nefu-edu-datav\boot-new-20251112\target\classes started by L in D:\nefu-edu-datav\boot-new-20251112)
2026-01-29 09:34:53.422  INFO 14972 --- [restartedMain] c.p.ParkingManageApplication             : No active profile set, falling back to default profiles: default
2026-01-29 09:34:53.453  INFO 14972 --- [restartedMain] .e.DevToolsPropertyDefaultsPostProcessor : Devtools property defaults active! Set 'spring.devtools.add-properties' to 'false' to disable
2026-01-29 09:34:53.453  INFO 14972 --- [restartedMain] .e.DevToolsPropertyDefaultsPostProcessor : For additional web related logging consider setting the 'logging.level.web' property to 'DEBUG'
2026-01-29 09:34:54.567  INFO 14972 --- [restartedMain] o.s.b.w.embedded.tomcat.TomcatWebServer  : Tomcat initialized with port(s): 8675 (http)
2026-01-29 09:34:54.572  INFO 14972 --- [restartedMain] o.apache.catalina.core.StandardService   : Starting service [Tomcat]
2026-01-29 09:34:54.572  INFO 14972 --- [restartedMain] org.apache.catalina.core.StandardEngine  : Starting Servlet engine: [Apache Tomcat/9.0.53]
2026-01-29 09:34:54.640  INFO 14972 --- [restartedMain] o.a.c.c.C.[Tomcat].[localhost].[/]       : Initializing Spring embedded WebApplicationContext
2026-01-29 09:34:54.640  INFO 14972 --- [restartedMain] w.s.c.ServletWebServerApplicationContext : Root WebApplicationContext: initialization completed in 1186 ms
2026-01-29 09:34:55.772  INFO 14972 --- [restartedMain] c.p.service.VisitorVipAutoService        : ╔════════════════════════════════════════════════════════════════╗
2026-01-29 09:34:55.772  INFO 14972 --- [restartedMain] c.p.service.VisitorVipAutoService        : ║       访客VIP自动开通服务 - 启动配置（简化模式）                ║
2026-01-29 09:34:55.773  INFO 14972 --- [restartedMain] c.p.service.VisitorVipAutoService        : ╠════════════════════════════════════════════════════════════════╣
2026-01-29 09:34:55.773  INFO 14972 --- [restartedMain] c.p.service.VisitorVipAutoService        : ║ 🔧 配置信息:                                                   ║
2026-01-29 09:34:55.773  INFO 14972 --- [restartedMain] c.p.service.VisitorVipAutoService        : ║   - 自动开通: ✅ 已启用                                          ║
2026-01-29 09:34:55.773  INFO 14972 --- [restartedMain] c.p.service.VisitorVipAutoService        : ║   - 存储模式: 💾 数据库存储                                   ║
2026-01-29 09:34:55.773  INFO 14972 --- [restartedMain] c.p.service.VisitorVipAutoService        : ║   - 执行间隔: 📌 固定10秒                                      ║
2026-01-29 09:34:55.773  INFO 14972 --- [restartedMain] c.p.service.VisitorVipAutoService        : ║   - 查询范围: ⏱️  首次1天 / 常规10秒                           ║
2026-01-29 09:34:55.774  INFO 14972 --- [restartedMain] c.p.service.VisitorVipAutoService        : ║   - 外部接口: http://10.100.111.3:8888                                   ║
2026-01-29 09:34:55.774  INFO 14972 --- [restartedMain] c.p.service.VisitorVipAutoService        : ║   - 分页大小: 1000 条/页                                         ║
2026-01-29 09:34:55.774  INFO 14972 --- [restartedMain] c.p.service.VisitorVipAutoService        : ║   - 处理模式: ✅ 仅新增（检查reservation_id是否存在）          ║
2026-01-29 09:34:55.774  INFO 14972 --- [restartedMain] c.p.service.VisitorVipAutoService        : ║   - 断路器: ✅ 已启用                                            ║
2026-01-29 09:34:55.774  INFO 14972 --- [restartedMain] c.p.service.VisitorVipAutoService        : ║                                                                ║
2026-01-29 09:34:55.774  INFO 14972 --- [restartedMain] c.p.service.VisitorVipAutoService        : ║ 📋 功能说明:                                                   ║
2026-01-29 09:34:55.774  INFO 14972 --- [restartedMain] c.p.service.VisitorVipAutoService        : ║   1. 首次执行：查询最近1天数据                                 ║
2026-01-29 09:34:55.774  INFO 14972 --- [restartedMain] c.p.service.VisitorVipAutoService        : ║   2. 后续执行：每10秒查询前10秒到当前时间的数据                ║
2026-01-29 09:34:55.774  INFO 14972 --- [restartedMain] c.p.service.VisitorVipAutoService        : ║   3. 检查预约记录ID是否已存在于数据库                         ║
2026-01-29 09:34:55.774  INFO 14972 --- [restartedMain] c.p.service.VisitorVipAutoService        : ║   4. 不存在则添加到数据库，已存在则跳过                       ║
2026-01-29 09:34:55.774  INFO 14972 --- [restartedMain] c.p.service.VisitorVipAutoService        : ║   5. 不进行修改和删除操作                                    ║
2026-01-29 09:34:55.774  INFO 14972 --- [restartedMain] c.p.service.VisitorVipAutoService        : ║                                                                ║
2026-01-29 09:34:55.774  INFO 14972 --- [restartedMain] c.p.service.VisitorVipAutoService        : ║ 🚀 状态: 定时任务已启动，正在监听...                          ║
2026-01-29 09:34:55.774  INFO 14972 --- [restartedMain] c.p.service.VisitorVipAutoService        : ║ 💡 提示: 首次执行将查询最近1天数据，后续每10秒查询前10秒数据 ║
2026-01-29 09:34:55.775  INFO 14972 --- [restartedMain] c.p.service.VisitorVipAutoService        : ╚════════════════════════════════════════════════════════════════╝
2026-01-29 09:34:55.933  INFO 14972 --- [restartedMain] o.s.b.a.e.web.EndpointLinksResolver      : Exposing 1 endpoint(s) beneath base path '/actuator'
2026-01-29 09:34:55.961  INFO 14972 --- [restartedMain] pertySourcedRequestMappingHandlerMapping : Mapped URL path [/v2/api-docs] onto method [springfox.documentation.swagger2.web.Swagger2Controller#getDocumentation(String, HttpServletRequest)]
2026-01-29 09:34:56.014  INFO 14972 --- [restartedMain] o.s.b.d.a.OptionalLiveReloadServer       : LiveReload server is running on port 35729
2026-01-29 09:34:56.208  INFO 14972 --- [restartedMain] o.s.b.w.embedded.tomcat.TomcatWebServer  : Tomcat started on port(s): 8675 (http) with context path ''
2026-01-29 09:34:56.209  INFO 14972 --- [restartedMain] d.s.w.p.DocumentationPluginsBootstrapper : Context refreshed
2026-01-29 09:34:56.217  INFO 14972 --- [restartedMain] d.s.w.p.DocumentationPluginsBootstrapper : Found 1 custom documentation plugin(s)
2026-01-29 09:34:56.240  INFO 14972 --- [restartedMain] s.d.s.w.s.ApiListingReferenceScanner     : Scanning for api listing references
2026-01-29 09:34:56.385  INFO 14972 --- [restartedMain] .d.s.w.r.o.CachingOperationNameGenerator : Generating unique operation named: getDetailStatisticsUsingPOST_1
2026-01-29 09:34:56.397  INFO 14972 --- [restartedMain] s.a.ScheduledAnnotationBeanPostProcessor : No TaskScheduler/ScheduledExecutorService bean found for scheduled processing
2026-01-29 09:34:56.401  INFO 14972 --- [pool-2-thread-1] c.p.service.VisitorVipAutoService        : 🔄 [访客VIP自动开通] 开始执行定时任务 [首次执行] [执行间隔:10秒] [查询范围:前1天~当前时间]
2026-01-29 09:34:56.402  INFO 14972 --- [pool-2-thread-1] c.p.service.VisitorVipAutoService        : 📅 [首次执行] 查询时间范围: 2026-01-27 09:34:56 ~ 2026-01-29 09:34:56
2026-01-29 09:34:56.402  INFO 14972 --- [pool-2-thread-1] c.p.service.VisitorVipAutoService        : 🔄 [首次执行] 开始自动分页查询，时间范围: 2026-01-27 09:34:56 ~ 2026-01-29 09:34:56
2026-01-29 09:34:56.402  INFO 14972 --- [pool-2-thread-1] c.p.service.VisitorVipAutoService        : 🔐 [签名信息] appKey: F7FE3A3DF4924C2493744E25822BE3AD, sign: e7bb0ffe12abdfd295e7ec7be08cf161
2026-01-29 09:34:56.403  INFO 14972 --- [restartedMain] c.p.ParkingManageApplication             : Started ParkingManageApplication in 3.215 seconds (JVM running for 3.918)
2026-01-29 09:34:56.416  INFO 14972 --- [pool-2-thread-1] c.p.service.VisitorVipAutoService        : 📤 [外部接口请求] URL: http://10.100.111.3:8888/api-applypass/api-applypass/visit-terminal/outsideApplyList, 时间区间: 2026-01-27 09:34:56 ~ 2026-01-29 09:34:56, 页码: 1, 每页: 1000条
2026-01-29 09:34:56.416  INFO 14972 --- [pool-2-thread-1] c.p.service.VisitorVipAutoService        : 📤 [请求参数JSON] {"pageIndex":1,"sign":"e7bb0ffe12abdfd295e7ec7be08cf161","pageSize":1000,"appKey":"F7FE3A3DF4924C2493744E25822BE3AD","beginTime":"2026-01-27 09:34:56","endTime":"2026-01-29 09:34:56"}
2026-01-29 09:34:56.865  INFO 14972 --- [RMI TCP Connection(1)-192.168.0.157] o.a.c.c.C.[Tomcat].[localhost].[/]       : Initializing Spring DispatcherServlet 'dispatcherServlet'
2026-01-29 09:34:56.865  INFO 14972 --- [RMI TCP Connection(1)-192.168.0.157] o.s.web.servlet.DispatcherServlet        : Initializing Servlet 'dispatcherServlet'
2026-01-29 09:34:56.866  INFO 14972 --- [RMI TCP Connection(1)-192.168.0.157] o.s.web.servlet.DispatcherServlet        : Completed initialization in 1 ms
2026-01-29 09:34:56.882  INFO 14972 --- [RMI TCP Connection(3)-192.168.0.157] com.alibaba.druid.pool.DruidDataSource   : {dataSource-1} inited
2026-01-29 09:34:56.950 ERROR 14972 --- [Druid-ConnectionPool-Create-693543981] com.alibaba.druid.pool.DruidDataSource   : create connection SQLException, url: jdbc:mysql://localhost:3306/nefu_system?useUnicode=true&characterEncoding=UTF-8&connectionCollation=utf8mb4_unicode_ci&serverTimezone=Asia/Shanghai&useSSL=false&allowPublicKeyRetrieval=true&rewriteBatchedStatements=true&allowMultiQueries=true, errorCode 1045, state 28000

java.sql.SQLException: Access denied for user 'ips'@'localhost' (using password: YES)
	at com.mysql.cj.jdbc.exceptions.SQLError.createSQLException(SQLError.java:129) ~[mysql-connector-java-8.0.26.jar:8.0.26]
	at com.mysql.cj.jdbc.exceptions.SQLExceptionsMapping.translateException(SQLExceptionsMapping.java:122) ~[mysql-connector-java-8.0.26.jar:8.0.26]
	at com.mysql.cj.jdbc.ConnectionImpl.createNewIO(ConnectionImpl.java:828) ~[mysql-connector-java-8.0.26.jar:8.0.26]
	at com.mysql.cj.jdbc.ConnectionImpl.<init>(ConnectionImpl.java:448) ~[mysql-connector-java-8.0.26.jar:8.0.26]
	at com.mysql.cj.jdbc.ConnectionImpl.getInstance(ConnectionImpl.java:241) ~[mysql-connector-java-8.0.26.jar:8.0.26]
	at com.mysql.cj.jdbc.NonRegisteringDriver.connect(NonRegisteringDriver.java:198) ~[mysql-connector-java-8.0.26.jar:8.0.26]
	at com.alibaba.druid.pool.DruidAbstractDataSource.createPhysicalConnection(DruidAbstractDataSource.java:1657) ~[druid-1.2.6.jar:1.2.6]
	at com.alibaba.druid.pool.DruidAbstractDataSource.createPhysicalConnection(DruidAbstractDataSource.java:1723) ~[druid-1.2.6.jar:1.2.6]
	at com.alibaba.druid.pool.DruidDataSource$CreateConnectionThread.run(DruidDataSource.java:2801) ~[druid-1.2.6.jar:1.2.6]

2026-01-29 09:34:56.952 ERROR 14972 --- [Druid-ConnectionPool-Create-693543981] com.alibaba.druid.pool.DruidDataSource   : create connection SQLException, url: jdbc:mysql://localhost:3306/nefu_system?useUnicode=true&characterEncoding=UTF-8&connectionCollation=utf8mb4_unicode_ci&serverTimezone=Asia/Shanghai&useSSL=false&allowPublicKeyRetrieval=true&rewriteBatchedStatements=true&allowMultiQueries=true, errorCode 1045, state 28000

java.sql.SQLException: Access denied for user 'ips'@'localhost' (using password: YES)
	at com.mysql.cj.jdbc.exceptions.SQLError.createSQLException(SQLError.java:129) ~[mysql-connector-java-8.0.26.jar:8.0.26]
	at com.mysql.cj.jdbc.exceptions.SQLExceptionsMapping.translateException(SQLExceptionsMapping.java:122) ~[mysql-connector-java-8.0.26.jar:8.0.26]
	at com.mysql.cj.jdbc.ConnectionImpl.createNewIO(ConnectionImpl.java:828) ~[mysql-connector-java-8.0.26.jar:8.0.26]
	at com.mysql.cj.jdbc.ConnectionImpl.<init>(ConnectionImpl.java:448) ~[mysql-connector-java-8.0.26.jar:8.0.26]
	at com.mysql.cj.jdbc.ConnectionImpl.getInstance(ConnectionImpl.java:241) ~[mysql-connector-java-8.0.26.jar:8.0.26]
	at com.mysql.cj.jdbc.NonRegisteringDriver.connect(NonRegisteringDriver.java:198) ~[mysql-connector-java-8.0.26.jar:8.0.26]
	at com.alibaba.druid.pool.DruidAbstractDataSource.createPhysicalConnection(DruidAbstractDataSource.java:1657) ~[druid-1.2.6.jar:1.2.6]
	at com.alibaba.druid.pool.DruidAbstractDataSource.createPhysicalConnection(DruidAbstractDataSource.java:1723) ~[druid-1.2.6.jar:1.2.6]
	at com.alibaba.druid.pool.DruidDataSource$CreateConnectionThread.run(DruidDataSource.java:2801) ~[druid-1.2.6.jar:1.2.6]

2026-01-29 09:34:56.953  INFO 14972 --- [Druid-ConnectionPool-Create-693543981] c.a.druid.pool.DruidAbstractDataSource   : {dataSource-1} failContinuous is true
2026-01-29 09:34:57.466 ERROR 14972 --- [Druid-ConnectionPool-Create-693543981] com.alibaba.druid.pool.DruidDataSource   : create connection SQLException, url: jdbc:mysql://localhost:3306/nefu_system?useUnicode=true&characterEncoding=UTF-8&connectionCollation=utf8mb4_unicode_ci&serverTimezone=Asia/Shanghai&useSSL=false&allowPublicKeyRetrieval=true&rewriteBatchedStatements=true&allowMultiQueries=true, errorCode 1045, state 28000

java.sql.SQLException: Access denied for user 'ips'@'localhost' (using password: YES)
	at com.mysql.cj.jdbc.exceptions.SQLError.createSQLException(SQLError.java:129) ~[mysql-connector-java-8.0.26.jar:8.0.26]
	at com.mysql.cj.jdbc.exceptions.SQLExceptionsMapping.translateException(SQLExceptionsMapping.java:122) ~[mysql-connector-java-8.0.26.jar:8.0.26]
	at com.mysql.cj.jdbc.ConnectionImpl.createNewIO(ConnectionImpl.java:828) ~[mysql-connector-java-8.0.26.jar:8.0.26]
	at com.mysql.cj.jdbc.ConnectionImpl.<init>(ConnectionImpl.java:448) ~[mysql-connector-java-8.0.26.jar:8.0.26]
	at com.mysql.cj.jdbc.ConnectionImpl.getInstance(ConnectionImpl.java:241) ~[mysql-connector-java-8.0.26.jar:8.0.26]
	at com.mysql.cj.jdbc.NonRegisteringDriver.connect(NonRegisteringDriver.java:198) ~[mysql-connector-java-8.0.26.jar:8.0.26]
	at com.alibaba.druid.pool.DruidAbstractDataSource.createPhysicalConnection(DruidAbstractDataSource.java:1657) ~[druid-1.2.6.jar:1.2.6]
	at com.alibaba.druid.pool.DruidAbstractDataSource.createPhysicalConnection(DruidAbstractDataSource.java:1723) ~[druid-1.2.6.jar:1.2.6]
	at com.alibaba.druid.pool.DruidDataSource$CreateConnectionThread.run(DruidDataSource.java:2801) ~[druid-1.2.6.jar:1.2.6]

2026-01-29 09:34:57.970 ERROR 14972 --- [Druid-ConnectionPool-Create-693543981] com.alibaba.druid.pool.DruidDataSource   : create connection SQLException, url: jdbc:mysql://localhost:3306/nefu_system?useUnicode=true&characterEncoding=UTF-8&connectionCollation=utf8mb4_unicode_ci&serverTimezone=Asia/Shanghai&useSSL=false&allowPublicKeyRetrieval=true&rewriteBatchedStatements=true&allowMultiQueries=true, errorCode 1045, state 28000

java.sql.SQLException: Access denied for user 'ips'@'localhost' (using password: YES)
	at com.mysql.cj.jdbc.exceptions.SQLError.createSQLException(SQLError.java:129) ~[mysql-connector-java-8.0.26.jar:8.0.26]
	at com.mysql.cj.jdbc.exceptions.SQLExceptionsMapping.translateException(SQLExceptionsMapping.java:122) ~[mysql-connector-java-8.0.26.jar:8.0.26]
	at com.mysql.cj.jdbc.ConnectionImpl.createNewIO(ConnectionImpl.java:828) ~[mysql-connector-java-8.0.26.jar:8.0.26]
	at com.mysql.cj.jdbc.ConnectionImpl.<init>(ConnectionImpl.java:448) ~[mysql-connector-java-8.0.26.jar:8.0.26]
	at com.mysql.cj.jdbc.ConnectionImpl.getInstance(ConnectionImpl.java:241) ~[mysql-connector-java-8.0.26.jar:8.0.26]
	at com.mysql.cj.jdbc.NonRegisteringDriver.connect(NonRegisteringDriver.java:198) ~[mysql-connector-java-8.0.26.jar:8.0.26]
	at com.alibaba.druid.pool.DruidAbstractDataSource.createPhysicalConnection(DruidAbstractDataSource.java:1657) ~[druid-1.2.6.jar:1.2.6]
	at com.alibaba.druid.pool.DruidAbstractDataSource.createPhysicalConnection(DruidAbstractDataSource.java:1723) ~[druid-1.2.6.jar:1.2.6]
	at com.alibaba.druid.pool.DruidDataSource$CreateConnectionThread.run(DruidDataSource.java:2801) ~[druid-1.2.6.jar:1.2.6]

2026-01-29 09:34:58.481 ERROR 14972 --- [Druid-ConnectionPool-Create-693543981] com.alibaba.druid.pool.DruidDataSource   : create connection SQLException, url: jdbc:mysql://localhost:3306/nefu_system?useUnicode=true&characterEncoding=UTF-8&connectionCollation=utf8mb4_unicode_ci&serverTimezone=Asia/Shanghai&useSSL=false&allowPublicKeyRetrieval=true&rewriteBatchedStatements=true&allowMultiQueries=true, errorCode 1045, state 28000

java.sql.SQLException: Access denied for user 'ips'@'localhost' (using password: YES)
	at com.mysql.cj.jdbc.exceptions.SQLError.createSQLException(SQLError.java:129) ~[mysql-connector-java-8.0.26.jar:8.0.26]
	at com.mysql.cj.jdbc.exceptions.SQLExceptionsMapping.translateException(SQLExceptionsMapping.java:122) ~[mysql-connector-java-8.0.26.jar:8.0.26]
	at com.mysql.cj.jdbc.ConnectionImpl.createNewIO(ConnectionImpl.java:828) ~[mysql-connector-java-8.0.26.jar:8.0.26]
	at com.mysql.cj.jdbc.ConnectionImpl.<init>(ConnectionImpl.java:448) ~[mysql-connector-java-8.0.26.jar:8.0.26]
	at com.mysql.cj.jdbc.ConnectionImpl.getInstance(ConnectionImpl.java:241) ~[mysql-connector-java-8.0.26.jar:8.0.26]
	at com.mysql.cj.jdbc.NonRegisteringDriver.connect(NonRegisteringDriver.java:198) ~[mysql-connector-java-8.0.26.jar:8.0.26]
	at com.alibaba.druid.pool.DruidAbstractDataSource.createPhysicalConnection(DruidAbstractDataSource.java:1657) ~[druid-1.2.6.jar:1.2.6]
	at com.alibaba.druid.pool.DruidAbstractDataSource.createPhysicalConnection(DruidAbstractDataSource.java:1723) ~[druid-1.2.6.jar:1.2.6]
	at com.alibaba.druid.pool.DruidDataSource$CreateConnectionThread.run(DruidDataSource.java:2801) ~[druid-1.2.6.jar:1.2.6]

2026-01-29 09:34:58.994 ERROR 14972 --- [Druid-ConnectionPool-Create-693543981] com.alibaba.druid.pool.DruidDataSource   : create connection SQLException, url: jdbc:mysql://localhost:3306/nefu_system?useUnicode=true&characterEncoding=UTF-8&connectionCollation=utf8mb4_unicode_ci&serverTimezone=Asia/Shanghai&useSSL=false&allowPublicKeyRetrieval=true&rewriteBatchedStatements=true&allowMultiQueries=true, errorCode 1045, state 28000

java.sql.SQLException: Access denied for user 'ips'@'localhost' (using password: YES)
	at com.mysql.cj.jdbc.exceptions.SQLError.createSQLException(SQLError.java:129) ~[mysql-connector-java-8.0.26.jar:8.0.26]
	at com.mysql.cj.jdbc.exceptions.SQLExceptionsMapping.translateException(SQLExceptionsMapping.java:122) ~[mysql-connector-java-8.0.26.jar:8.0.26]
	at com.mysql.cj.jdbc.ConnectionImpl.createNewIO(ConnectionImpl.java:828) ~[mysql-connector-java-8.0.26.jar:8.0.26]
	at com.mysql.cj.jdbc.ConnectionImpl.<init>(ConnectionImpl.java:448) ~[mysql-connector-java-8.0.26.jar:8.0.26]
	at com.mysql.cj.jdbc.ConnectionImpl.getInstance(ConnectionImpl.java:241) ~[mysql-connector-java-8.0.26.jar:8.0.26]
	at com.mysql.cj.jdbc.NonRegisteringDriver.connect(NonRegisteringDriver.java:198) ~[mysql-connector-java-8.0.26.jar:8.0.26]
	at com.alibaba.druid.pool.DruidAbstractDataSource.createPhysicalConnection(DruidAbstractDataSource.java:1657) ~[druid-1.2.6.jar:1.2.6]
	at com.alibaba.druid.pool.DruidAbstractDataSource.createPhysicalConnection(DruidAbstractDataSource.java:1723) ~[druid-1.2.6.jar:1.2.6]
	at com.alibaba.druid.pool.DruidDataSource$CreateConnectionThread.run(DruidDataSource.java:2801) ~[druid-1.2.6.jar:1.2.6]

2026-01-29 09:34:59.511 ERROR 14972 --- [Druid-ConnectionPool-Create-693543981] com.alibaba.druid.pool.DruidDataSource   : create connection SQLException, url: jdbc:mysql://localhost:3306/nefu_system?useUnicode=true&characterEncoding=UTF-8&connectionCollation=utf8mb4_unicode_ci&serverTimezone=Asia/Shanghai&useSSL=false&allowPublicKeyRetrieval=true&rewriteBatchedStatements=true&allowMultiQueries=true, errorCode 1045, state 28000

java.sql.SQLException: Access denied for user 'ips'@'localhost' (using password: YES)
	at com.mysql.cj.jdbc.exceptions.SQLError.createSQLException(SQLError.java:129) ~[mysql-connector-java-8.0.26.jar:8.0.26]
	at com.mysql.cj.jdbc.exceptions.SQLExceptionsMapping.translateException(SQLExceptionsMapping.java:122) ~[mysql-connector-java-8.0.26.jar:8.0.26]
	at com.mysql.cj.jdbc.ConnectionImpl.createNewIO(ConnectionImpl.java:828) ~[mysql-connector-java-8.0.26.jar:8.0.26]
	at com.mysql.cj.jdbc.ConnectionImpl.<init>(ConnectionImpl.java:448) ~[mysql-connector-java-8.0.26.jar:8.0.26]
	at com.mysql.cj.jdbc.ConnectionImpl.getInstance(ConnectionImpl.java:241) ~[mysql-connector-java-8.0.26.jar:8.0.26]
	at com.mysql.cj.jdbc.NonRegisteringDriver.connect(NonRegisteringDriver.java:198) ~[mysql-connector-java-8.0.26.jar:8.0.26]
	at com.alibaba.druid.pool.DruidAbstractDataSource.createPhysicalConnection(DruidAbstractDataSource.java:1657) ~[druid-1.2.6.jar:1.2.6]
	at com.alibaba.druid.pool.DruidAbstractDataSource.createPhysicalConnection(DruidAbstractDataSource.java:1723) ~[druid-1.2.6.jar:1.2.6]
	at com.alibaba.druid.pool.DruidDataSource$CreateConnectionThread.run(DruidDataSource.java:2801) ~[druid-1.2.6.jar:1.2.6]

2026-01-29 09:35:00.031 ERROR 14972 --- [Druid-ConnectionPool-Create-693543981] com.alibaba.druid.pool.DruidDataSource   : create connection SQLException, url: jdbc:mysql://localhost:3306/nefu_system?useUnicode=true&characterEncoding=UTF-8&connectionCollation=utf8mb4_unicode_ci&serverTimezone=Asia/Shanghai&useSSL=false&allowPublicKeyRetrieval=true&rewriteBatchedStatements=true&allowMultiQueries=true, errorCode 1045, state 28000

java.sql.SQLException: Access denied for user 'ips'@'localhost' (using password: YES)
	at com.mysql.cj.jdbc.exceptions.SQLError.createSQLException(SQLError.java:129) ~[mysql-connector-java-8.0.26.jar:8.0.26]
	at com.mysql.cj.jdbc.exceptions.SQLExceptionsMapping.translateException(SQLExceptionsMapping.java:122) ~[mysql-connector-java-8.0.26.jar:8.0.26]
	at com.mysql.cj.jdbc.ConnectionImpl.createNewIO(ConnectionImpl.java:828) ~[mysql-connector-java-8.0.26.jar:8.0.26]
	at com.mysql.cj.jdbc.ConnectionImpl.<init>(ConnectionImpl.java:448) ~[mysql-connector-java-8.0.26.jar:8.0.26]
	at com.mysql.cj.jdbc.ConnectionImpl.getInstance(ConnectionImpl.java:241) ~[mysql-connector-java-8.0.26.jar:8.0.26]
	at com.mysql.cj.jdbc.NonRegisteringDriver.connect(NonRegisteringDriver.java:198) ~[mysql-connector-java-8.0.26.jar:8.0.26]
	at com.alibaba.druid.pool.DruidAbstractDataSource.createPhysicalConnection(DruidAbstractDataSource.java:1657) ~[druid-1.2.6.jar:1.2.6]
	at com.alibaba.druid.pool.DruidAbstractDataSource.createPhysicalConnection(DruidAbstractDataSource.java:1723) ~[druid-1.2.6.jar:1.2.6]
	at com.alibaba.druid.pool.DruidDataSource$CreateConnectionThread.run(DruidDataSource.java:2801) ~[druid-1.2.6.jar:1.2.6]

2026-01-29 09:35:00.537 ERROR 14972 --- [Druid-ConnectionPool-Create-693543981] com.alibaba.druid.pool.DruidDataSource   : create connection SQLException, url: jdbc:mysql://localhost:3306/nefu_system?useUnicode=true&characterEncoding=UTF-8&connectionCollation=utf8mb4_unicode_ci&serverTimezone=Asia/Shanghai&useSSL=false&allowPublicKeyRetrieval=true&rewriteBatchedStatements=true&allowMultiQueries=true, errorCode 1045, state 28000

java.sql.SQLException: Access denied for user 'ips'@'localhost' (using password: YES)
	at com.mysql.cj.jdbc.exceptions.SQLError.createSQLException(SQLError.java:129) ~[mysql-connector-java-8.0.26.jar:8.0.26]
	at com.mysql.cj.jdbc.exceptions.SQLExceptionsMapping.translateException(SQLExceptionsMapping.java:122) ~[mysql-connector-java-8.0.26.jar:8.0.26]
	at com.mysql.cj.jdbc.ConnectionImpl.createNewIO(ConnectionImpl.java:828) ~[mysql-connector-java-8.0.26.jar:8.0.26]
	at com.mysql.cj.jdbc.ConnectionImpl.<init>(ConnectionImpl.java:448) ~[mysql-connector-java-8.0.26.jar:8.0.26]
	at com.mysql.cj.jdbc.ConnectionImpl.getInstance(ConnectionImpl.java:241) ~[mysql-connector-java-8.0.26.jar:8.0.26]
	at com.mysql.cj.jdbc.NonRegisteringDriver.connect(NonRegisteringDriver.java:198) ~[mysql-connector-java-8.0.26.jar:8.0.26]
	at com.alibaba.druid.pool.DruidAbstractDataSource.createPhysicalConnection(DruidAbstractDataSource.java:1657) ~[druid-1.2.6.jar:1.2.6]
	at com.alibaba.druid.pool.DruidAbstractDataSource.createPhysicalConnection(DruidAbstractDataSource.java:1723) ~[druid-1.2.6.jar:1.2.6]
	at com.alibaba.druid.pool.DruidDataSource$CreateConnectionThread.run(DruidDataSource.java:2801) ~[druid-1.2.6.jar:1.2.6]

2026-01-29 09:35:01.050 ERROR 14972 --- [Druid-ConnectionPool-Create-693543981] com.alibaba.druid.pool.DruidDataSource   : create connection SQLException, url: jdbc:mysql://localhost:3306/nefu_system?useUnicode=true&characterEncoding=UTF-8&connectionCollation=utf8mb4_unicode_ci&serverTimezone=Asia/Shanghai&useSSL=false&allowPublicKeyRetrieval=true&rewriteBatchedStatements=true&allowMultiQueries=true, errorCode 1045, state 28000

java.sql.SQLException: Access denied for user 'ips'@'localhost' (using password: YES)
	at com.mysql.cj.jdbc.exceptions.SQLError.createSQLException(SQLError.java:129) ~[mysql-connector-java-8.0.26.jar:8.0.26]
	at com.mysql.cj.jdbc.exceptions.SQLExceptionsMapping.translateException(SQLExceptionsMapping.java:122) ~[mysql-connector-java-8.0.26.jar:8.0.26]
	at com.mysql.cj.jdbc.ConnectionImpl.createNewIO(ConnectionImpl.java:828) ~[mysql-connector-java-8.0.26.jar:8.0.26]
	at com.mysql.cj.jdbc.ConnectionImpl.<init>(ConnectionImpl.java:448) ~[mysql-connector-java-8.0.26.jar:8.0.26]
	at com.mysql.cj.jdbc.ConnectionImpl.getInstance(ConnectionImpl.java:241) ~[mysql-connector-java-8.0.26.jar:8.0.26]
	at com.mysql.cj.jdbc.NonRegisteringDriver.connect(NonRegisteringDriver.java:198) ~[mysql-connector-java-8.0.26.jar:8.0.26]
	at com.alibaba.druid.pool.DruidAbstractDataSource.createPhysicalConnection(DruidAbstractDataSource.java:1657) ~[druid-1.2.6.jar:1.2.6]
	at com.alibaba.druid.pool.DruidAbstractDataSource.createPhysicalConnection(DruidAbstractDataSource.java:1723) ~[druid-1.2.6.jar:1.2.6]
	at com.alibaba.druid.pool.DruidDataSource$CreateConnectionThread.run(DruidDataSource.java:2801) ~[druid-1.2.6.jar:1.2.6]

2026-01-29 09:35:01.566 ERROR 14972 --- [Druid-ConnectionPool-Create-693543981] com.alibaba.druid.pool.DruidDataSource   : create connection SQLException, url: jdbc:mysql://localhost:3306/nefu_system?useUnicode=true&characterEncoding=UTF-8&connectionCollation=utf8mb4_unicode_ci&serverTimezone=Asia/Shanghai&useSSL=false&allowPublicKeyRetrieval=true&rewriteBatchedStatements=true&allowMultiQueries=true, errorCode 1045, state 28000

java.sql.SQLException: Access denied for user 'ips'@'localhost' (using password: YES)
	at com.mysql.cj.jdbc.exceptions.SQLError.createSQLException(SQLError.java:129) ~[mysql-connector-java-8.0.26.jar:8.0.26]
	at com.mysql.cj.jdbc.exceptions.SQLExceptionsMapping.translateException(SQLExceptionsMapping.java:122) ~[mysql-connector-java-8.0.26.jar:8.0.26]
	at com.mysql.cj.jdbc.ConnectionImpl.createNewIO(ConnectionImpl.java:828) ~[mysql-connector-java-8.0.26.jar:8.0.26]
	at com.mysql.cj.jdbc.ConnectionImpl.<init>(ConnectionImpl.java:448) ~[mysql-connector-java-8.0.26.jar:8.0.26]
	at com.mysql.cj.jdbc.ConnectionImpl.getInstance(ConnectionImpl.java:241) ~[mysql-connector-java-8.0.26.jar:8.0.26]
	at com.mysql.cj.jdbc.NonRegisteringDriver.connect(NonRegisteringDriver.java:198) ~[mysql-connector-java-8.0.26.jar:8.0.26]
	at com.alibaba.druid.pool.DruidAbstractDataSource.createPhysicalConnection(DruidAbstractDataSource.java:1657) ~[druid-1.2.6.jar:1.2.6]
	at com.alibaba.druid.pool.DruidAbstractDataSource.createPhysicalConnection(DruidAbstractDataSource.java:1723) ~[druid-1.2.6.jar:1.2.6]
	at com.alibaba.druid.pool.DruidDataSource$CreateConnectionThread.run(DruidDataSource.java:2801) ~[druid-1.2.6.jar:1.2.6]

2026-01-29 09:35:02.087 ERROR 14972 --- [Druid-ConnectionPool-Create-693543981] com.alibaba.druid.pool.DruidDataSource   : create connection SQLException, url: jdbc:mysql://localhost:3306/nefu_system?useUnicode=true&characterEncoding=UTF-8&connectionCollation=utf8mb4_unicode_ci&serverTimezone=Asia/Shanghai&useSSL=false&allowPublicKeyRetrieval=true&rewriteBatchedStatements=true&allowMultiQueries=true, errorCode 1045, state 28000

java.sql.SQLException: Access denied for user 'ips'@'localhost' (using password: YES)
	at com.mysql.cj.jdbc.exceptions.SQLError.createSQLException(SQLError.java:129) ~[mysql-connector-java-8.0.26.jar:8.0.26]
	at com.mysql.cj.jdbc.exceptions.SQLExceptionsMapping.translateException(SQLExceptionsMapping.java:122) ~[mysql-connector-java-8.0.26.jar:8.0.26]
	at com.mysql.cj.jdbc.ConnectionImpl.createNewIO(ConnectionImpl.java:828) ~[mysql-connector-java-8.0.26.jar:8.0.26]
	at com.mysql.cj.jdbc.ConnectionImpl.<init>(ConnectionImpl.java:448) ~[mysql-connector-java-8.0.26.jar:8.0.26]
	at com.mysql.cj.jdbc.ConnectionImpl.getInstance(ConnectionImpl.java:241) ~[mysql-connector-java-8.0.26.jar:8.0.26]
	at com.mysql.cj.jdbc.NonRegisteringDriver.connect(NonRegisteringDriver.java:198) ~[mysql-connector-java-8.0.26.jar:8.0.26]
	at com.alibaba.druid.pool.DruidAbstractDataSource.createPhysicalConnection(DruidAbstractDataSource.java:1657) ~[druid-1.2.6.jar:1.2.6]
	at com.alibaba.druid.pool.DruidAbstractDataSource.createPhysicalConnection(DruidAbstractDataSource.java:1723) ~[druid-1.2.6.jar:1.2.6]
	at com.alibaba.druid.pool.DruidDataSource$CreateConnectionThread.run(DruidDataSource.java:2801) ~[druid-1.2.6.jar:1.2.6]

2026-01-29 09:35:02.606 ERROR 14972 --- [Druid-ConnectionPool-Create-693543981] com.alibaba.druid.pool.DruidDataSource   : create connection SQLException, url: jdbc:mysql://localhost:3306/nefu_system?useUnicode=true&characterEncoding=UTF-8&connectionCollation=utf8mb4_unicode_ci&serverTimezone=Asia/Shanghai&useSSL=false&allowPublicKeyRetrieval=true&rewriteBatchedStatements=true&allowMultiQueries=true, errorCode 1045, state 28000

java.sql.SQLException: Access denied for user 'ips'@'localhost' (using password: YES)
	at com.mysql.cj.jdbc.exceptions.SQLError.createSQLException(SQLError.java:129) ~[mysql-connector-java-8.0.26.jar:8.0.26]
	at com.mysql.cj.jdbc.exceptions.SQLExceptionsMapping.translateException(SQLExceptionsMapping.java:122) ~[mysql-connector-java-8.0.26.jar:8.0.26]
	at com.mysql.cj.jdbc.ConnectionImpl.createNewIO(ConnectionImpl.java:828) ~[mysql-connector-java-8.0.26.jar:8.0.26]
	at com.mysql.cj.jdbc.ConnectionImpl.<init>(ConnectionImpl.java:448) ~[mysql-connector-java-8.0.26.jar:8.0.26]
	at com.mysql.cj.jdbc.ConnectionImpl.getInstance(ConnectionImpl.java:241) ~[mysql-connector-java-8.0.26.jar:8.0.26]
	at com.mysql.cj.jdbc.NonRegisteringDriver.connect(NonRegisteringDriver.java:198) ~[mysql-connector-java-8.0.26.jar:8.0.26]
	at com.alibaba.druid.pool.DruidAbstractDataSource.createPhysicalConnection(DruidAbstractDataSource.java:1657) ~[druid-1.2.6.jar:1.2.6]
	at com.alibaba.druid.pool.DruidAbstractDataSource.createPhysicalConnection(DruidAbstractDataSource.java:1723) ~[druid-1.2.6.jar:1.2.6]
	at com.alibaba.druid.pool.DruidDataSource$CreateConnectionThread.run(DruidDataSource.java:2801) ~[druid-1.2.6.jar:1.2.6]

2026-01-29 09:35:03.112 ERROR 14972 --- [Druid-ConnectionPool-Create-693543981] com.alibaba.druid.pool.DruidDataSource   : create connection SQLException, url: jdbc:mysql://localhost:3306/nefu_system?useUnicode=true&characterEncoding=UTF-8&connectionCollation=utf8mb4_unicode_ci&serverTimezone=Asia/Shanghai&useSSL=false&allowPublicKeyRetrieval=true&rewriteBatchedStatements=true&allowMultiQueries=true, errorCode 1045, state 28000

java.sql.SQLException: Access denied for user 'ips'@'localhost' (using password: YES)
	at com.mysql.cj.jdbc.exceptions.SQLError.createSQLException(SQLError.java:129) ~[mysql-connector-java-8.0.26.jar:8.0.26]
	at com.mysql.cj.jdbc.exceptions.SQLExceptionsMapping.translateException(SQLExceptionsMapping.java:122) ~[mysql-connector-java-8.0.26.jar:8.0.26]
	at com.mysql.cj.jdbc.ConnectionImpl.createNewIO(ConnectionImpl.java:828) ~[mysql-connector-java-8.0.26.jar:8.0.26]
	at com.mysql.cj.jdbc.ConnectionImpl.<init>(ConnectionImpl.java:448) ~[mysql-connector-java-8.0.26.jar:8.0.26]
	at com.mysql.cj.jdbc.ConnectionImpl.getInstance(ConnectionImpl.java:241) ~[mysql-connector-java-8.0.26.jar:8.0.26]
	at com.mysql.cj.jdbc.NonRegisteringDriver.connect(NonRegisteringDriver.java:198) ~[mysql-connector-java-8.0.26.jar:8.0.26]
	at com.alibaba.druid.pool.DruidAbstractDataSource.createPhysicalConnection(DruidAbstractDataSource.java:1657) ~[druid-1.2.6.jar:1.2.6]
	at com.alibaba.druid.pool.DruidAbstractDataSource.createPhysicalConnection(DruidAbstractDataSource.java:1723) ~[druid-1.2.6.jar:1.2.6]
	at com.alibaba.druid.pool.DruidDataSource$CreateConnectionThread.run(DruidDataSource.java:2801) ~[druid-1.2.6.jar:1.2.6]

2026-01-29 09:35:03.556  INFO 14972 --- [SpringApplicationShutdownHook] com.alibaba.druid.pool.DruidDataSource   : {dataSource-1} closing ...
2026-01-29 09:35:03.557  INFO 14972 --- [SpringApplicationShutdownHook] com.alibaba.druid.pool.DruidDataSource   : {dataSource-1} closed
